2026-04-28 01:59:13,932  [INFO]  Saved 1
2026-04-28 01:59:14,270  [INFO]  Saved 2
2026-04-28 01:59:14,630  [INFO]  Saved 3
2026-04-28 01:59:14,968  [INFO]  Saved 4
2026-04-28 01:59:15,346  [INFO]  Saved 5
2026-04-28 01:59:15,711  [INFO]  Saved 6
2026-04-28 01:59:16,746  [INFO]  Saved 7
2026-04-28 01:59:17,094  [INFO]  Saved 8
2026-04-28 01:59:17,447  [INFO]  Saved 9
2026-04-28 01:59:17,795  [INFO]  Saved 10
2026-04-28 01:59:18,133  [INFO]  Saved 11
2026-04-28 01:59:18,483  [INFO]  Saved 12
2026-04-28 01:59:18,822  [INFO]  Saved 13
2026-04-28 01:59:19,175  [INFO]  Saved 14
2026-04-28 01:59:19,536  [INFO]  Saved 15
2026-04-28 01:59:19,902  [INFO]  Saved 16
2026-04-28 01:59:20,277  [INFO]  Saved 17
2026-04-28 01:59:20,637  [INFO]  Saved 18
2026-04-28 01:59:21,309  [INFO]  Saved 19
2026-04-28 01:59:21,647  [INFO]  Saved 20
2026-04-28 01:59:22,011  [INFO]  Saved 21
2026-04-28 01:59:22,347  [INFO]  Saved 22
2026-04-28 01:59:22,730  [INFO]  Saved 23
2026-04-28 01:59:24,135  [INFO]  Saved 24
2026-04-28 01:59:25,896  [INFO]  Saved 25
2026-04-28 01:59:27,660  [INFO]  Saved 26
2026-04-28 01:59:28,022  [INFO]  Saved 27
2026-04-28 01:59:28,379  [INFO]  Saved 28
2026-04-28 01:59:28,708  [INFO]  Saved 29
2026-04-28 01:59:29,062  [INFO]  Saved 30
2026-04-28 01:59:29,435  [INFO]  Saved 31
2026-04-28 01:59:29,804  [INFO]  Saved 32
2026-04-28 01:59:30,163  [INFO]  Saved 33
2026-04-28 01:59:30,540  [INFO]  Saved 34
2026-04-28 01:59:30,892  [INFO]  Saved 35
2026-04-28 01:59:31,242  [INFO]  Saved 36
2026-04-28 01:59:31,924  [INFO]  Saved 37
2026-04-28 01:59:32,276  [INFO]  Saved 38
2026-04-28 01:59:32,615  [INFO]  Saved 39
2026-04-28 01:59:32,957  [INFO]  Saved 40
2026-04-28 01:59:33,286  [INFO]  Saved 41
2026-04-28 01:59:33,645  [INFO]  Saved 42
2026-04-28 01:59:34,037  [INFO]  Saved 43
2026-04-28 01:59:34,390  [INFO]  Saved 44
2026-04-28 01:59:34,736  [INFO]  Saved 45
2026-04-28 01:59:35,070  [INFO]  Saved 46
2026-04-28 01:59:37,525  [INFO]  Saved 47
2026-04-28 01:59:37,892  [INFO]  Saved 48
2026-04-28 01:59:38,214  [INFO]  Saved 49
2026-04-28 01:59:38,551  [INFO]  Saved 50
2026-04-28 02:00:47,837  [INFO]  Saved 1
2026-04-28 02:00:48,179  [INFO]  Saved 2
2026-04-28 02:00:48,536  [INFO]  Saved 3
2026-04-28 02:00:48,870  [INFO]  Saved 4
2026-04-28 02:00:49,239  [INFO]  Saved 5
2026-04-28 02:00:49,572  [INFO]  Saved 6
2026-04-28 02:00:49,922  [INFO]  Saved 7
2026-04-28 02:00:50,268  [INFO]  Saved 8
2026-04-28 02:00:50,612  [INFO]  Saved 9
2026-04-28 02:00:50,953  [INFO]  Saved 10
2026-04-28 02:00:51,320  [INFO]  Saved 11
2026-04-28 02:00:51,666  [INFO]  Saved 12
2026-04-28 02:00:52,010  [INFO]  Saved 13
2026-04-28 02:00:52,364  [INFO]  Saved 14
2026-04-28 02:00:52,709  [INFO]  Saved 15
2026-04-28 02:00:53,143  [INFO]  Saved 16
2026-04-28 02:00:54,581  [INFO]  Saved 17
2026-04-28 02:00:56,328  [INFO]  Saved 18
2026-04-28 02:00:56,671  [INFO]  Saved 19
2026-04-28 02:00:57,032  [INFO]  Saved 20
2026-04-28 02:00:57,374  [INFO]  Saved 21
2026-04-28 02:00:57,729  [INFO]  Saved 22
2026-04-28 02:00:58,128  [INFO]  Saved 23
2026-04-28 02:00:58,545  [INFO]  Saved 24
2026-04-28 02:00:58,894  [INFO]  Saved 25
2026-04-28 02:00:59,280  [INFO]  Saved 26
2026-04-28 02:00:59,616  [INFO]  Saved 27
2026-04-28 02:00:59,963  [INFO]  Saved 28
2026-04-28 02:01:00,331  [INFO]  Saved 29
2026-04-28 02:01:00,679  [INFO]  Saved 30
2026-04-28 02:01:01,035  [INFO]  Saved 31
2026-04-28 02:01:01,383  [INFO]  Saved 32
2026-04-28 02:01:01,788  [INFO]  Saved 33
2026-04-28 02:01:02,194  [INFO]  Saved 34
2026-04-28 02:01:02,533  [INFO]  Saved 35
2026-04-28 02:01:02,876  [INFO]  Saved 36
2026-04-28 02:01:04,698  [INFO]  Saved 37
2026-04-28 02:01:09,423  [INFO]  Saved 38
2026-04-28 02:01:09,824  [INFO]  Saved 39
2026-04-28 02:01:10,171  [INFO]  Saved 40
2026-04-28 02:01:10,546  [INFO]  Saved 41
2026-04-28 02:01:10,927  [INFO]  Saved 42
2026-04-28 02:01:11,271  [INFO]  Saved 43
2026-04-28 02:01:11,697  [INFO]  Saved 44
2026-04-28 02:01:12,044  [INFO]  Saved 45
2026-04-28 02:01:12,382  [INFO]  Saved 46
2026-04-28 02:01:12,762  [INFO]  Saved 47
2026-04-28 02:01:13,108  [INFO]  Saved 48
2026-04-28 02:01:13,517  [INFO]  Saved 49
2026-04-28 02:01:13,897  [INFO]  Saved 50
2026-04-28 02:09:09,588  [INFO]  =======================================================
2026-04-28 02:09:09,589  [INFO]  Smart Attendance System  ¢  Starting up
2026-04-28 02:09:09,590  [INFO]  =======================================================
2026-04-28 02:09:11,114  [INFO]  Dependencies OK  (OpenCV, NumPy, Pandas)
2026-04-28 02:09:12,914  [INFO]  Loading dataset and building model ģ
2026-04-28 02:09:12,965  [INFO]  Model trained with 100 templates across 2 identities.
2026-04-28 02:09:12,965  [INFO]  Model ready  |  Identities: ['Nilay', 'Dvij']
2026-04-28 02:09:12,989  [INFO]  Launching inference pipeline ģ
2026-04-28 02:09:15,891  [INFO]  Inference loop started. Press q=quit  r=reset.
2026-04-28 02:09:31,612  [INFO]  User quit.
2026-04-28 02:09:32,204  [INFO]  Session ended.
2026-04-28 02:09:32,205  [INFO]  No attendance records found.
2026-04-28 02:10:32,251  [INFO]  =======================================================
2026-04-28 02:10:32,252  [INFO]  Smart Attendance System  ¢  Starting up
2026-04-28 02:10:32,253  [INFO]  =======================================================
2026-04-28 02:10:32,948  [INFO]  Dependencies OK  (OpenCV, NumPy, Pandas)
2026-04-28 02:10:33,442  [INFO]  Loading dataset and building model ģ
2026-04-28 02:10:33,491  [INFO]  Model trained with 100 templates across 2 identities.
2026-04-28 02:10:33,491  [INFO]  Model ready  |  Identities: ['Nilay', 'Dvij']
2026-04-28 02:10:33,524  [INFO]  Launching inference pipeline ģ
2026-04-28 02:10:36,800  [INFO]  Inference loop started. Press q=quit  r=reset.
2026-04-28 02:10:41,764  [INFO]  User quit.
2026-04-28 02:10:42,277  [INFO]  Session ended.
2026-04-28 02:10:42,279  [INFO]  No attendance records found.
2026-04-28 02:11:00,515  [INFO]  =======================================================
2026-04-28 02:11:00,516  [INFO]  Smart Attendance System  ¢  Starting up
2026-04-28 02:11:00,516  [INFO]  =======================================================
2026-04-28 02:11:01,312  [INFO]  Dependencies OK  (OpenCV, NumPy, Pandas)
2026-04-28 02:11:01,750  [INFO]  Loading dataset and building model ģ
2026-04-28 02:11:01,799  [INFO]  Model trained with 100 templates across 2 identities.
2026-04-28 02:11:01,799  [INFO]  Model ready  |  Identities: ['Nilay', 'Dvij']
2026-04-28 02:11:01,822  [INFO]  Launching inference pipeline ģ
2026-04-28 02:11:04,686  [INFO]  Inference loop started. Press q=quit  r=reset.
2026-04-28 02:11:08,017  [INFO]  User quit.
2026-04-28 02:11:08,474  [INFO]  Session ended.
2026-04-28 02:11:08,476  [INFO]  No attendance records found.
2026-04-28 02:11:15,534  [INFO]  =======================================================
2026-04-28 02:11:15,534  [INFO]  Smart Attendance System  ¢  Starting up
2026-04-28 02:11:15,535  [INFO]  =======================================================
2026-04-28 02:11:16,753  [INFO]  Dependencies OK  (OpenCV, NumPy, Pandas)
2026-04-28 02:11:17,248  [INFO]  Loading dataset and building model ģ
2026-04-28 02:11:17,302  [INFO]  Model trained with 100 templates across 2 identities.
2026-04-28 02:11:17,302  [INFO]  Model ready  |  Identities: ['Nilay', 'Dvij']
2026-04-28 02:11:17,331  [INFO]  Launching inference pipeline ģ
2026-04-28 02:11:20,003  [INFO]  Inference loop started. Press q=quit  r=reset.
2026-04-28 02:11:25,217  [INFO]  User quit.
2026-04-28 02:11:25,670  [INFO]  Session ended.
2026-04-28 02:11:25,674  [INFO]  No attendance records found.
2026-04-28 02:12:13,107  [INFO]  =======================================================
2026-04-28 02:12:13,108  [INFO]  Smart Attendance System  ¢  Starting up
2026-04-28 02:12:13,108  [INFO]  =======================================================
2026-04-28 02:12:13,827  [INFO]  Dependencies OK  (OpenCV, NumPy, Pandas)
2026-04-28 02:12:14,374  [INFO]  Loading dataset and building model ģ
2026-04-28 02:12:14,426  [INFO]  Model trained with 100 templates across 2 identities.
2026-04-28 02:12:14,426  [INFO]  Model ready  |  Identities: ['Nilay', 'Dvij']
2026-04-28 02:12:14,454  [INFO]  Launching inference pipeline ģ
2026-04-28 02:12:17,642  [INFO]  Inference loop started. Press q=quit  r=reset.
2026-04-28 02:12:22,002  [INFO]  User quit.
2026-04-28 02:12:22,478  [INFO]  Session ended.
2026-04-28 02:12:22,479  [INFO]  No attendance records found.
2026-04-28 02:13:05,085  [INFO]  =======================================================
2026-04-28 02:13:05,086  [INFO]  Smart Attendance System  ¢  Starting up
2026-04-28 02:13:05,086  [INFO]  =======================================================
2026-04-28 02:13:05,932  [INFO]  Dependencies OK  (OpenCV, NumPy, Pandas)
2026-04-28 02:13:06,540  [INFO]  Loading dataset and building model ģ
2026-04-28 02:13:06,657  [INFO]  Model trained with 100 templates across 2 identities.
2026-04-28 02:13:06,657  [INFO]  Model ready  |  Identities: ['Nilay', 'Dvij']
2026-04-28 02:13:06,687  [INFO]  Launching inference pipeline ģ
2026-04-28 02:13:09,760  [INFO]  Inference loop started. Press q=quit  r=reset.
2026-04-28 02:13:18,139  [INFO]  User quit.
2026-04-28 02:13:18,706  [INFO]  Session ended.
2026-04-28 02:13:18,708  [INFO]  No attendance records found.
2026-04-28 02:15:10,722  [INFO]  =======================================================
2026-04-28 02:15:10,723  [INFO]  Smart Attendance System  ¢  Starting up
2026-04-28 02:15:10,723  [INFO]  =======================================================
2026-04-28 02:15:11,648  [INFO]  Dependencies OK  (OpenCV, NumPy, Pandas)
2026-04-28 02:15:12,190  [INFO]  Loading dataset and building model ģ
2026-04-28 02:15:12,243  [INFO]  Model trained with 100 templates across 2 identities.
2026-04-28 02:15:12,243  [INFO]  Model ready  |  Identities: ['Nilay', 'Dvij']
2026-04-28 02:15:12,266  [INFO]  Launching inference pipeline ģ
2026-04-28 02:15:15,382  [INFO]  Inference loop started. Press q=quit  r=reset.
2026-04-28 02:15:19,395  [INFO]  User quit.
2026-04-28 02:15:19,895  [INFO]  Session ended.
2026-04-28 02:15:19,903  [INFO]  Attendance records today: 1
2026-04-28 02:15:48,512  [INFO]  =======================================================
2026-04-28 02:15:48,513  [INFO]  Smart Attendance System  ¢  Starting up
2026-04-28 02:15:48,513  [INFO]  =======================================================
2026-04-28 02:15:50,009  [INFO]  Dependencies OK  (OpenCV, NumPy, Pandas)
2026-04-28 02:15:50,581  [INFO]  Loading dataset and building model ģ
2026-04-28 02:15:50,629  [INFO]  Model trained with 100 templates across 2 identities.
2026-04-28 02:15:50,629  [INFO]  Model ready  |  Identities: ['Nilay', 'Dvij']
2026-04-28 02:15:50,653  [INFO]  Launching inference pipeline ģ
2026-04-28 02:15:53,783  [INFO]  Inference loop started. Press q=quit  r=reset.
2026-04-28 02:16:04,571  [INFO]  User quit.
2026-04-28 02:16:05,040  [INFO]  Session ended.
2026-04-28 02:16:05,046  [INFO]  Attendance records today: 1
2026-04-28 02:16:21,042  [INFO]  =======================================================
2026-04-28 02:16:21,043  [INFO]  Smart Attendance System  ¢  Starting up
2026-04-28 02:16:21,043  [INFO]  =======================================================
2026-04-28 02:16:22,731  [INFO]  Dependencies OK  (OpenCV, NumPy, Pandas)
2026-04-28 02:16:23,353  [INFO]  Loading dataset and building model ģ
2026-04-28 02:16:23,401  [INFO]  Model trained with 100 templates across 2 identities.
2026-04-28 02:16:23,402  [INFO]  Model ready  |  Identities: ['Nilay', 'Dvij']
2026-04-28 02:16:23,404  [INFO]  Launching inference pipeline ģ
2026-04-28 02:16:26,287  [INFO]  Inference loop started. Press q=quit  r=reset.
2026-04-28 02:16:31,257  [INFO]  User quit.
2026-04-28 02:16:31,759  [INFO]  Session ended.
2026-04-28 02:16:31,771  [INFO]  Attendance records today: 1
2026-04-28 02:17:41,334  [INFO]  =======================================================
2026-04-28 02:17:41,334  [INFO]  Smart Attendance System  ¢  Starting up
2026-04-28 02:17:41,335  [INFO]  =======================================================
2026-04-28 02:17:42,230  [INFO]  Dependencies OK  (OpenCV, NumPy, Pandas)
2026-04-28 02:17:42,723  [INFO]  Loading dataset and building model ģ
2026-04-28 02:17:42,773  [INFO]  Model trained with 100 templates across 2 identities.
2026-04-28 02:17:42,773  [INFO]  Model ready  |  Identities: ['Nilay', 'Dvij']
2026-04-28 02:17:42,775  [INFO]  Launching inference pipeline ģ
2026-04-28 02:17:45,983  [INFO]  Inference loop started. Press q=quit  r=reset.
2026-04-28 02:17:51,036  [INFO]  Attendance file reset.
2026-04-28 02:17:54,284  [INFO]  User quit.
2026-04-28 02:17:54,797  [INFO]  Session ended.
2026-04-28 02:17:54,807  [INFO]  Attendance records today: 1
2026-04-28 21:33:50,570  [INFO]  =======================================================
2026-04-28 21:33:50,571  [INFO]  Smart Attendance System  ¢  Starting up
2026-04-28 21:33:50,572  [INFO]  =======================================================
2026-04-28 21:33:54,720  [INFO]  Dependencies OK  (OpenCV, NumPy, Pandas)
2026-04-28 21:33:55,366  [INFO]  Loading dataset and building model ģ
2026-04-28 21:33:55,439  [INFO]  Model trained with 100 templates across 2 identities.
2026-04-28 21:33:55,440  [INFO]  Model ready  |  Identities: ['Dvij', 'Nilay']
2026-04-28 21:33:55,444  [INFO]  Launching inference pipeline ģ
2026-04-28 21:33:58,818  [INFO]  Inference loop started. Press q=quit  r=reset.
2026-04-28 21:34:04,646  [INFO]  User quit.
2026-04-28 21:34:05,117  [INFO]  Session ended.
2026-04-28 21:34:05,136  [INFO]  Attendance records today: 1
2026-04-28 21:34:39,543  [INFO]  Saved 1
2026-04-28 21:34:39,890  [INFO]  Saved 2
2026-04-28 21:34:40,251  [INFO]  Saved 3
2026-04-28 21:34:41,724  [INFO]  Saved 4
2026-04-28 21:34:42,073  [INFO]  Saved 5
2026-04-28 21:34:42,433  [INFO]  Saved 6
2026-04-28 21:34:42,777  [INFO]  Saved 7
2026-04-28 21:34:43,124  [INFO]  Saved 8
2026-04-28 21:34:43,478  [INFO]  Saved 9
2026-04-28 21:34:43,855  [INFO]  Saved 10
2026-04-28 21:34:44,195  [INFO]  Saved 11
2026-04-28 21:34:44,527  [INFO]  Saved 12
2026-04-28 21:34:44,888  [INFO]  Saved 13
2026-04-28 21:34:45,223  [INFO]  Saved 14
2026-04-28 21:34:45,594  [INFO]  Saved 15
2026-04-28 21:34:45,946  [INFO]  Saved 16
2026-04-28 21:34:47,063  [INFO]  Saved 17
2026-04-28 21:34:47,449  [INFO]  Saved 18
2026-04-28 21:34:47,794  [INFO]  Saved 19
2026-04-28 21:34:48,901  [INFO]  Saved 20
2026-04-28 21:34:49,244  [INFO]  Saved 21
2026-04-28 21:34:49,592  [INFO]  Saved 22
2026-04-28 21:34:49,967  [INFO]  Saved 23
2026-04-28 21:34:50,317  [INFO]  Saved 24
2026-04-28 21:34:50,668  [INFO]  Saved 25
2026-04-28 21:34:51,414  [INFO]  Saved 26
2026-04-28 21:34:51,755  [INFO]  Saved 27
2026-04-28 21:34:52,111  [INFO]  Saved 28
2026-04-28 21:34:52,449  [INFO]  Saved 29
2026-04-28 21:34:52,828  [INFO]  Saved 30
2026-04-28 21:34:53,169  [INFO]  Saved 31
2026-04-28 21:34:53,551  [INFO]  Saved 32
2026-04-28 21:34:53,900  [INFO]  Saved 33
2026-04-28 21:34:55,656  [INFO]  Saved 34
2026-04-28 21:34:56,383  [INFO]  Saved 35
2026-04-28 21:34:56,741  [INFO]  Saved 36
2026-04-28 21:34:57,076  [INFO]  Saved 37
2026-04-28 21:34:57,427  [INFO]  Saved 38
2026-04-28 21:34:57,789  [INFO]  Saved 39
2026-04-28 21:34:59,894  [INFO]  Saved 40
2026-04-28 21:35:00,597  [INFO]  Saved 41
2026-04-28 21:35:09,304  [INFO]  Saved 42
2026-04-28 21:35:10,368  [INFO]  Saved 43
2026-04-28 21:35:12,849  [INFO]  Saved 44
2026-04-28 21:35:13,190  [INFO]  Saved 45
2026-04-28 21:35:13,542  [INFO]  Saved 46
2026-04-28 21:35:13,882  [INFO]  Saved 47
2026-04-28 21:35:14,235  [INFO]  Saved 48
2026-04-28 21:35:14,579  [INFO]  Saved 49
2026-04-28 21:35:15,017  [INFO]  Saved 50
2026-04-28 21:35:20,359  [INFO]  =======================================================
2026-04-28 21:35:20,360  [INFO]  Smart Attendance System  ¢  Starting up
2026-04-28 21:35:20,361  [INFO]  =======================================================
2026-04-28 21:35:22,198  [INFO]  Dependencies OK  (OpenCV, NumPy, Pandas)
2026-04-28 21:35:23,320  [INFO]  Loading dataset and building model ģ
2026-04-28 21:35:24,483  [INFO]  Model trained with 150 templates across 3 identities.
2026-04-28 21:35:24,484  [INFO]  Model ready  |  Identities: ['Dvij', 'Onkar', 'Nilay']
2026-04-28 21:35:24,491  [INFO]  Launching inference pipeline ģ
2026-04-28 21:35:27,762  [INFO]  Inference loop started. Press q=quit  r=reset.
2026-04-28 21:35:45,543  [INFO]  User quit.
2026-04-28 21:35:46,069  [INFO]  Session ended.
2026-04-28 21:35:46,084  [INFO]  Attendance records today: 2
2026-04-28 21:35:58,420  [INFO]  =======================================================
2026-04-28 21:35:58,420  [INFO]  Smart Attendance System  ¢  Starting up
2026-04-28 21:35:58,421  [INFO]  =======================================================
2026-04-28 21:35:59,126  [INFO]  Dependencies OK  (OpenCV, NumPy, Pandas)
2026-04-28 21:35:59,593  [INFO]  Loading dataset and building model ģ
2026-04-28 21:35:59,666  [INFO]  Model trained with 150 templates across 3 identities.
2026-04-28 21:35:59,667  [INFO]  Model ready  |  Identities: ['Onkar', 'Dvij', 'Nilay']
2026-04-28 21:35:59,668  [INFO]  Launching inference pipeline ģ
2026-04-28 21:36:02,798  [INFO]  Inference loop started. Press q=quit  r=reset.
2026-04-28 21:36:15,966  [INFO]  User quit.
2026-04-28 21:36:16,443  [INFO]  Session ended.
2026-04-28 21:36:16,453  [INFO]  Attendance records today: 2
2026-04-28 21:36:53,898  [INFO]  Saved 1
2026-04-28 21:36:54,611  [INFO]  Saved 2
2026-04-28 21:36:54,972  [INFO]  Saved 3
2026-04-28 21:36:56,342  [INFO]  Saved 4
2026-04-28 21:36:57,438  [INFO]  Saved 5
2026-04-28 21:36:57,784  [INFO]  Saved 6
2026-04-28 21:36:58,133  [INFO]  Saved 7
2026-04-28 21:36:58,484  [INFO]  Saved 8
2026-04-28 21:36:58,848  [INFO]  Saved 9
2026-04-28 21:36:59,209  [INFO]  Saved 10
2026-04-28 21:36:59,566  [INFO]  Saved 11
2026-04-28 21:36:59,912  [INFO]  Saved 12
2026-04-28 21:37:00,304  [INFO]  Saved 13
2026-04-28 21:37:00,644  [INFO]  Saved 14
2026-04-28 21:37:01,004  [INFO]  Saved 15
2026-04-28 21:37:01,351  [INFO]  Saved 16
2026-04-28 21:37:01,694  [INFO]  Saved 17
2026-04-28 21:37:02,036  [INFO]  Saved 18
2026-04-28 21:37:02,732  [INFO]  Saved 19
2026-04-28 21:37:03,112  [INFO]  Saved 20
2026-04-28 21:37:03,492  [INFO]  Saved 21
2026-04-28 21:37:03,864  [INFO]  Saved 22
2026-04-28 21:37:04,216  [INFO]  Saved 23
2026-04-28 21:37:04,902  [INFO]  Saved 24
2026-04-28 21:37:05,253  [INFO]  Saved 25
2026-04-28 21:37:05,611  [INFO]  Saved 26
2026-04-28 21:37:05,949  [INFO]  Saved 27
2026-04-28 21:37:06,719  [INFO]  Saved 28
2026-04-28 21:37:07,105  [INFO]  Saved 29
2026-04-28 21:37:07,805  [INFO]  Saved 30
2026-04-28 21:37:08,538  [INFO]  Saved 31
2026-04-28 21:37:08,918  [INFO]  Saved 32
2026-04-28 21:37:09,255  [INFO]  Saved 33
2026-04-28 21:37:09,596  [INFO]  Saved 34
2026-04-28 21:37:09,948  [INFO]  Saved 35
2026-04-28 21:37:10,306  [INFO]  Saved 36
2026-04-28 21:37:10,669  [INFO]  Saved 37
2026-04-28 21:37:11,024  [INFO]  Saved 38
2026-04-28 21:37:11,377  [INFO]  Saved 39
2026-04-28 21:37:11,720  [INFO]  Saved 40
2026-04-28 21:37:12,057  [INFO]  Saved 41
2026-04-28 21:37:12,402  [INFO]  Saved 42
2026-04-28 21:37:12,830  [INFO]  Saved 43
2026-04-28 21:37:13,185  [INFO]  Saved 44
2026-04-28 21:37:13,533  [INFO]  Saved 45
2026-04-28 21:37:13,871  [INFO]  Saved 46
2026-04-28 21:37:14,226  [INFO]  Saved 47
2026-04-28 21:37:14,579  [INFO]  Saved 48
2026-04-28 21:37:14,945  [INFO]  Saved 49
2026-04-28 21:37:15,298  [INFO]  Saved 50
2026-04-28 21:37:18,390  [INFO]  =======================================================
2026-04-28 21:37:18,390  [INFO]  Smart Attendance System  ¢  Starting up
2026-04-28 21:37:18,391  [INFO]  =======================================================
2026-04-28 21:37:19,138  [INFO]  Dependencies OK  (OpenCV, NumPy, Pandas)
2026-04-28 21:37:19,590  [INFO]  Loading dataset and building model ģ
2026-04-28 21:37:20,386  [INFO]  Model trained with 200 templates across 4 identities.
2026-04-28 21:37:20,387  [INFO]  Model ready  |  Identities: ['Dvij', 'Nilay', 'Parth', 'Onkar']
2026-04-28 21:37:20,391  [INFO]  Launching inference pipeline ģ
2026-04-28 21:37:23,203  [INFO]  Inference loop started. Press q=quit  r=reset.
2026-04-28 21:37:29,306  [INFO]  User quit.
2026-04-28 21:37:29,784  [INFO]  Session ended.
2026-04-28 21:37:29,788  [INFO]  Attendance records today: 3
2026-04-28 21:41:37,160  [INFO]  Saved 1
2026-04-28 21:41:37,510  [INFO]  Saved 2
2026-04-28 21:41:37,864  [INFO]  Saved 3
2026-04-28 21:41:38,197  [INFO]  Saved 4
2026-04-28 21:41:38,531  [INFO]  Saved 5
2026-04-28 21:41:38,877  [INFO]  Saved 6
2026-04-28 21:41:39,232  [INFO]  Saved 7
2026-04-28 21:41:39,576  [INFO]  Saved 8
2026-04-28 21:41:39,912  [INFO]  Saved 9
2026-04-28 21:41:40,308  [INFO]  Saved 10
2026-04-28 21:41:40,644  [INFO]  Saved 11
2026-04-28 21:41:40,993  [INFO]  Saved 12
2026-04-28 21:41:42,731  [INFO]  Saved 13
2026-04-28 21:41:43,096  [INFO]  Saved 14
2026-04-28 21:41:43,485  [INFO]  Saved 15
2026-04-28 21:41:43,858  [INFO]  Saved 16
2026-04-28 21:41:44,243  [INFO]  Saved 17
2026-04-28 21:41:44,602  [INFO]  Saved 18
2026-04-28 21:41:44,952  [INFO]  Saved 19
2026-04-28 21:41:45,317  [INFO]  Saved 20
2026-04-28 21:41:45,671  [INFO]  Saved 21
2026-04-28 21:41:46,009  [INFO]  Saved 22
2026-04-28 21:41:46,351  [INFO]  Saved 23
2026-04-28 21:41:46,716  [INFO]  Saved 24
2026-04-28 21:41:47,065  [INFO]  Saved 25
2026-04-28 21:41:47,426  [INFO]  Saved 26
2026-04-28 21:41:47,770  [INFO]  Saved 27
2026-04-28 21:41:48,122  [INFO]  Saved 28
2026-04-28 21:41:48,456  [INFO]  Saved 29
2026-04-28 21:41:49,160  [INFO]  Saved 30
2026-04-28 21:41:49,552  [INFO]  Saved 31
2026-04-28 21:41:49,911  [INFO]  Saved 32
2026-04-28 21:41:50,258  [INFO]  Saved 33
2026-04-28 21:41:50,669  [INFO]  Saved 34
2026-04-28 21:41:51,005  [INFO]  Saved 35
2026-04-28 21:41:51,368  [INFO]  Saved 36
2026-04-28 21:41:52,749  [INFO]  Saved 37
2026-04-28 21:41:53,114  [INFO]  Saved 38
2026-04-28 21:41:54,917  [INFO]  Saved 39
2026-04-28 21:41:55,715  [INFO]  Saved 40
2026-04-28 21:41:57,114  [INFO]  Saved 41
2026-04-28 21:41:57,485  [INFO]  Saved 42
2026-04-28 21:41:57,820  [INFO]  Saved 43
2026-04-28 21:41:58,182  [INFO]  Saved 44
2026-04-28 21:41:58,532  [INFO]  Saved 45
2026-04-28 21:41:58,870  [INFO]  Saved 46
2026-04-28 21:42:01,507  [INFO]  Saved 47
2026-04-28 21:42:05,107  [INFO]  Saved 48
2026-04-28 21:42:06,191  [INFO]  Saved 49
2026-04-28 21:42:06,542  [INFO]  Saved 50
2026-04-28 21:42:10,183  [INFO]  =======================================================
2026-04-28 21:42:10,184  [INFO]  Smart Attendance System  ¢  Starting up
2026-04-28 21:42:10,184  [INFO]  =======================================================
2026-04-28 21:42:11,300  [INFO]  Dependencies OK  (OpenCV, NumPy, Pandas)
2026-04-28 21:42:11,869  [INFO]  Loading dataset and building model ģ
2026-04-28 21:42:12,946  [INFO]  Model trained with 250 templates across 5 identities.
2026-04-28 21:42:12,947  [INFO]  Model ready  |  Identities: ['Nilay', 'Onkar', 'Parth', 'Praney', 'Dvij']
2026-04-28 21:42:12,950  [INFO]  Launching inference pipeline ģ
2026-04-28 21:42:16,063  [INFO]  Inference loop started. Press q=quit  r=reset.
2026-04-28 21:42:27,366  [INFO]  User quit.
2026-04-28 21:42:27,850  [INFO]  Session ended.
2026-04-28 21:42:27,867  [INFO]  Attendance records today: 4
2026-04-28 21:45:34,188  [INFO]  Saved 1
2026-04-28 21:45:34,576  [INFO]  Saved 2
2026-04-28 21:45:35,269  [INFO]  Saved 3
2026-04-28 21:45:43,749  [INFO]  Saved 4
2026-04-28 21:45:44,118  [INFO]  Saved 5
2026-04-28 21:45:45,857  [INFO]  Saved 6
2026-04-28 21:45:46,224  [INFO]  Saved 7
2026-04-28 21:45:46,601  [INFO]  Saved 8
2026-04-28 21:45:46,951  [INFO]  Saved 9
2026-04-28 21:45:47,296  [INFO]  Saved 10
2026-04-28 21:45:47,635  [INFO]  Saved 11
2026-04-28 21:45:47,986  [INFO]  Saved 12
2026-04-28 21:45:48,333  [INFO]  Saved 13
2026-04-28 21:45:48,683  [INFO]  Saved 14
2026-04-28 21:45:49,072  [INFO]  Saved 15
2026-04-28 21:45:49,422  [INFO]  Saved 16
2026-04-28 21:45:49,781  [INFO]  Saved 17
2026-04-28 21:45:50,164  [INFO]  Saved 18
2026-04-28 21:45:50,518  [INFO]  Saved 19
2026-04-28 21:45:50,857  [INFO]  Saved 20
2026-04-28 21:45:51,205  [INFO]  Saved 21
2026-04-28 21:45:51,552  [INFO]  Saved 22
2026-04-28 21:45:51,938  [INFO]  Saved 23
2026-04-28 21:45:52,275  [INFO]  Saved 24
2026-04-28 21:45:52,631  [INFO]  Saved 25
2026-04-28 21:45:53,736  [INFO]  Saved 26
2026-04-28 21:45:54,430  [INFO]  Saved 27
2026-04-28 21:45:55,515  [INFO]  Saved 28
2026-04-28 21:45:57,318  [INFO]  Saved 29
2026-04-28 21:45:59,125  [INFO]  Saved 30
2026-04-28 21:45:59,489  [INFO]  Saved 31
2026-04-28 21:45:59,823  [INFO]  Saved 32
2026-04-28 21:46:00,179  [INFO]  Saved 33
2026-04-28 21:46:00,518  [INFO]  Saved 34
2026-04-28 21:46:00,862  [INFO]  Saved 35
2026-04-28 21:46:01,232  [INFO]  Saved 36
2026-04-28 21:46:01,588  [INFO]  Saved 37
2026-04-28 21:46:01,953  [INFO]  Saved 38
2026-04-28 21:46:02,293  [INFO]  Saved 39
2026-04-28 21:46:02,636  [INFO]  Saved 40
2026-04-28 21:46:03,695  [INFO]  Saved 41
2026-04-28 21:46:04,030  [INFO]  Saved 42
2026-04-28 21:46:04,711  [INFO]  Saved 43
2026-04-28 21:46:05,808  [INFO]  Saved 44
2026-04-28 21:46:06,542  [INFO]  Saved 45
2026-04-28 21:46:06,891  [INFO]  Saved 46
2026-04-28 21:46:07,243  [INFO]  Saved 47
2026-04-28 21:46:08,329  [INFO]  Saved 48
2026-04-28 21:46:08,676  [INFO]  Saved 49
2026-04-28 21:46:09,036  [INFO]  Saved 50
2026-04-28 21:46:26,692  [INFO]  Saved 1
2026-04-28 21:46:27,057  [INFO]  Saved 2
2026-04-28 21:46:27,415  [INFO]  Saved 3
2026-04-28 21:46:27,775  [INFO]  Saved 4
2026-04-28 21:46:28,468  [INFO]  Saved 5
2026-04-28 21:46:28,811  [INFO]  Saved 6
2026-04-28 21:46:29,167  [INFO]  Saved 7
2026-04-28 21:46:29,523  [INFO]  Saved 8
2026-04-28 21:46:30,240  [INFO]  Saved 9
2026-04-28 21:46:31,302  [INFO]  Saved 10
2026-04-28 21:46:32,354  [INFO]  Saved 11
2026-04-28 21:46:32,697  [INFO]  Saved 12
2026-04-28 21:46:33,066  [INFO]  Saved 13
2026-04-28 21:46:33,402  [INFO]  Saved 14
2026-04-28 21:46:34,101  [INFO]  Saved 15
2026-04-28 21:46:34,443  [INFO]  Saved 16
2026-04-28 21:46:35,517  [INFO]  Saved 17
2026-04-28 21:46:36,605  [INFO]  Saved 18
2026-04-28 21:46:37,629  [INFO]  Saved 19
2026-04-28 21:46:38,351  [INFO]  Saved 20
2026-04-28 21:46:39,443  [INFO]  Saved 21
2026-04-28 21:46:39,815  [INFO]  Saved 22
2026-04-28 21:46:41,238  [INFO]  Saved 23
2026-04-28 21:46:41,583  [INFO]  Saved 24
2026-04-28 21:46:41,943  [INFO]  Saved 25
2026-04-28 21:46:42,303  [INFO]  Saved 26
2026-04-28 21:46:42,657  [INFO]  Saved 27
2026-04-28 21:46:43,015  [INFO]  Saved 28
2026-04-28 21:46:43,417  [INFO]  Saved 29
2026-04-28 21:46:43,767  [INFO]  Saved 30
2026-04-28 21:46:44,123  [INFO]  Saved 31
2026-04-28 21:46:44,484  [INFO]  Saved 32
2026-04-28 21:46:44,843  [INFO]  Saved 33
2026-04-28 21:46:45,177  [INFO]  Saved 34
2026-04-28 21:46:45,539  [INFO]  Saved 35
2026-04-28 21:46:45,886  [INFO]  Saved 36
2026-04-28 21:46:46,241  [INFO]  Saved 37
2026-04-28 21:46:46,593  [INFO]  Saved 38
2026-04-28 21:46:46,954  [INFO]  Saved 39
2026-04-28 21:46:47,292  [INFO]  Saved 40
2026-04-28 21:46:47,627  [INFO]  Saved 41
2026-04-28 21:46:47,983  [INFO]  Saved 42
2026-04-28 21:46:48,325  [INFO]  Saved 43
2026-04-28 21:46:48,682  [INFO]  Saved 44
2026-04-28 21:46:49,026  [INFO]  Saved 45
2026-04-28 21:46:49,362  [INFO]  Saved 46
2026-04-28 21:46:49,717  [INFO]  Saved 47
2026-04-28 21:46:50,057  [INFO]  Saved 48
2026-04-28 21:46:50,396  [INFO]  Saved 49
2026-04-28 21:46:50,754  [INFO]  Saved 50
2026-04-28 21:47:04,697  [INFO]  Saved 1
2026-04-28 21:47:05,074  [INFO]  Saved 2
2026-04-28 21:47:05,430  [INFO]  Saved 3
2026-04-28 21:47:05,767  [INFO]  Saved 4
2026-04-28 21:47:06,113  [INFO]  Saved 5
2026-04-28 21:47:06,457  [INFO]  Saved 6
2026-04-28 21:47:06,825  [INFO]  Saved 7
2026-04-28 21:47:07,179  [INFO]  Saved 8
2026-04-28 21:47:07,541  [INFO]  Saved 9
2026-04-28 21:47:07,897  [INFO]  Saved 10
2026-04-28 21:47:08,246  [INFO]  Saved 11
2026-04-28 21:47:08,630  [INFO]  Saved 12
2026-04-28 21:47:09,349  [INFO]  Saved 13
2026-04-28 21:47:09,704  [INFO]  Saved 14
2026-04-28 21:47:10,058  [INFO]  Saved 15
2026-04-28 21:47:10,402  [INFO]  Saved 16
2026-04-28 21:47:10,756  [INFO]  Saved 17
2026-04-28 21:47:11,110  [INFO]  Saved 18
2026-04-28 21:47:11,486  [INFO]  Saved 19
2026-04-28 21:47:11,833  [INFO]  Saved 20
2026-04-28 21:47:12,207  [INFO]  Saved 21
2026-04-28 21:47:12,560  [INFO]  Saved 22
2026-04-28 21:47:12,899  [INFO]  Saved 23
2026-04-28 21:47:13,237  [INFO]  Saved 24
2026-04-28 21:47:13,584  [INFO]  Saved 25
2026-04-28 21:47:14,290  [INFO]  Saved 26
2026-04-28 21:47:14,648  [INFO]  Saved 27
2026-04-28 21:47:15,017  [INFO]  Saved 28
2026-04-28 21:47:15,370  [INFO]  Saved 29
2026-04-28 21:47:15,736  [INFO]  Saved 30
2026-04-28 21:47:16,088  [INFO]  Saved 31
2026-04-28 21:47:16,428  [INFO]  Saved 32
2026-04-28 21:47:16,782  [INFO]  Saved 33
2026-04-28 21:47:17,133  [INFO]  Saved 34
2026-04-28 21:47:17,481  [INFO]  Saved 35
2026-04-28 21:47:18,204  [INFO]  Saved 36
2026-04-28 21:47:18,551  [INFO]  Saved 37
2026-04-28 21:47:18,911  [INFO]  Saved 38
2026-04-28 21:47:19,263  [INFO]  Saved 39
2026-04-28 21:47:19,612  [INFO]  Saved 40
2026-04-28 21:47:21,001  [INFO]  Saved 41
2026-04-28 21:47:21,347  [INFO]  Saved 42
2026-04-28 21:47:21,685  [INFO]  Saved 43
2026-04-28 21:47:22,033  [INFO]  Saved 44
2026-04-28 21:47:22,402  [INFO]  Saved 45
2026-04-28 21:47:22,758  [INFO]  Saved 46
2026-04-28 21:47:23,110  [INFO]  Saved 47
2026-04-28 21:47:23,490  [INFO]  Saved 48
2026-04-28 21:47:23,852  [INFO]  Saved 49
2026-04-28 21:47:24,226  [INFO]  Saved 50
2026-04-28 21:47:41,356  [INFO]  Saved 1
2026-04-28 21:47:41,703  [INFO]  Saved 2
2026-04-28 21:47:42,048  [INFO]  Saved 3
2026-04-28 21:47:42,425  [INFO]  Saved 4
2026-04-28 21:47:42,770  [INFO]  Saved 5
2026-04-28 21:47:43,112  [INFO]  Saved 6
2026-04-28 21:47:43,463  [INFO]  Saved 7
2026-04-28 21:47:43,812  [INFO]  Saved 8
2026-04-28 21:47:44,144  [INFO]  Saved 9
2026-04-28 21:47:44,825  [INFO]  Saved 10
2026-04-28 21:47:45,190  [INFO]  Saved 11
2026-04-28 21:47:45,529  [INFO]  Saved 12
2026-04-28 21:47:45,883  [INFO]  Saved 13
2026-04-28 21:47:46,231  [INFO]  Saved 14
2026-04-28 21:47:47,280  [INFO]  Saved 15
2026-04-28 21:47:47,627  [INFO]  Saved 16
2026-04-28 21:47:47,990  [INFO]  Saved 17
2026-04-28 21:47:48,351  [INFO]  Saved 18
2026-04-28 21:47:48,706  [INFO]  Saved 19
2026-04-28 21:47:50,079  [INFO]  Saved 20
2026-04-28 21:47:50,784  [INFO]  Saved 21
2026-04-28 21:47:51,822  [INFO]  Saved 22
2026-04-28 21:47:52,167  [INFO]  Saved 23
2026-04-28 21:47:52,504  [INFO]  Saved 24
2026-04-28 21:47:52,838  [INFO]  Saved 25
2026-04-28 21:47:53,189  [INFO]  Saved 26
2026-04-28 21:47:53,539  [INFO]  Saved 27
2026-04-28 21:47:53,911  [INFO]  Saved 28
2026-04-28 21:47:54,300  [INFO]  Saved 29
2026-04-28 21:47:54,653  [INFO]  Saved 30
2026-04-28 21:47:55,017  [INFO]  Saved 31
2026-04-28 21:47:55,392  [INFO]  Saved 32
2026-04-28 21:47:55,745  [INFO]  Saved 33
2026-04-28 21:47:56,084  [INFO]  Saved 34
2026-04-28 21:47:56,439  [INFO]  Saved 35
2026-04-28 21:47:56,774  [INFO]  Saved 36
2026-04-28 21:47:57,134  [INFO]  Saved 37
2026-04-28 21:47:57,493  [INFO]  Saved 38
2026-04-28 21:47:57,847  [INFO]  Saved 39
2026-04-28 21:47:58,181  [INFO]  Saved 40
2026-04-28 21:47:58,555  [INFO]  Saved 41
2026-04-28 21:47:58,903  [INFO]  Saved 42
2026-04-28 21:47:59,231  [INFO]  Saved 43
2026-04-28 21:47:59,575  [INFO]  Saved 44
2026-04-28 21:47:59,927  [INFO]  Saved 45
2026-04-28 21:48:00,283  [INFO]  Saved 46
2026-04-28 21:48:00,648  [INFO]  Saved 47
2026-04-28 21:48:01,007  [INFO]  Saved 48
2026-04-28 21:48:01,350  [INFO]  Saved 49
2026-04-28 21:48:03,455  [INFO]  Saved 50
2026-04-28 21:48:23,617  [INFO]  Saved 1
2026-04-28 21:48:23,981  [INFO]  Saved 2
2026-04-28 21:48:24,353  [INFO]  Saved 3
2026-04-28 21:48:24,721  [INFO]  Saved 4
2026-04-28 21:48:25,439  [INFO]  Saved 5
2026-04-28 21:48:25,774  [INFO]  Saved 6
2026-04-28 21:48:26,130  [INFO]  Saved 7
2026-04-28 21:48:26,475  [INFO]  Saved 8
2026-04-28 21:48:26,822  [INFO]  Saved 9
2026-04-28 21:48:27,182  [INFO]  Saved 10
2026-04-28 21:48:27,522  [INFO]  Saved 11
2026-04-28 21:48:27,899  [INFO]  Saved 12
2026-04-28 21:48:28,240  [INFO]  Saved 13
2026-04-28 21:48:28,584  [INFO]  Saved 14
2026-04-28 21:48:28,934  [INFO]  Saved 15
2026-04-28 21:48:29,633  [INFO]  Saved 16
2026-04-28 21:48:30,004  [INFO]  Saved 17
2026-04-28 21:48:30,351  [INFO]  Saved 18
2026-04-28 21:48:30,703  [INFO]  Saved 19
2026-04-28 21:48:31,053  [INFO]  Saved 20
2026-04-28 21:48:31,408  [INFO]  Saved 21
2026-04-28 21:48:32,805  [INFO]  Saved 22
2026-04-28 21:48:33,141  [INFO]  Saved 23
2026-04-28 21:48:33,496  [INFO]  Saved 24
2026-04-28 21:48:33,842  [INFO]  Saved 25
2026-04-28 21:48:34,181  [INFO]  Saved 26
2026-04-28 21:48:34,521  [INFO]  Saved 27
2026-04-28 21:48:34,870  [INFO]  Saved 28
2026-04-28 21:48:35,214  [INFO]  Saved 29
2026-04-28 21:48:35,951  [INFO]  Saved 30
2026-04-28 21:48:36,294  [INFO]  Saved 31
2026-04-28 21:48:36,675  [INFO]  Saved 32
2026-04-28 21:48:37,008  [INFO]  Saved 33
2026-04-28 21:48:37,352  [INFO]  Saved 34
2026-04-28 21:48:37,679  [INFO]  Saved 35
2026-04-28 21:48:38,031  [INFO]  Saved 36
2026-04-28 21:48:38,370  [INFO]  Saved 37
2026-04-28 21:48:38,750  [INFO]  Saved 38
2026-04-28 21:48:39,103  [INFO]  Saved 39
2026-04-28 21:48:39,443  [INFO]  Saved 40
2026-04-28 21:48:39,776  [INFO]  Saved 41
2026-04-28 21:48:40,175  [INFO]  Saved 42
2026-04-28 21:48:40,514  [INFO]  Saved 43
2026-04-28 21:48:40,887  [INFO]  Saved 44
2026-04-28 21:48:41,230  [INFO]  Saved 45
2026-04-28 21:48:41,565  [INFO]  Saved 46
2026-04-28 21:48:41,926  [INFO]  Saved 47
2026-04-28 21:48:42,258  [INFO]  Saved 48
2026-04-28 21:48:42,594  [INFO]  Saved 49
2026-04-28 21:48:42,943  [INFO]  Saved 50
2026-04-28 21:48:52,716  [INFO]  =======================================================
2026-04-28 21:48:52,717  [INFO]  Smart Attendance System  ¢  Starting up
2026-04-28 21:48:52,718  [INFO]  =======================================================
2026-04-28 21:48:53,876  [INFO]  Dependencies OK  (OpenCV, NumPy, Pandas)
2026-04-28 21:48:54,522  [INFO]  Loading dataset and building model ģ
2026-04-28 21:48:58,865  [INFO]  Model trained with 500 templates across 10 identities.
2026-04-28 21:48:58,865  [INFO]  Model ready  |  Identities: ['Nilay', 'Ojasvi', 'Parth', 'Hemang', 'gurkirat', 'Onkar', 'Praney', 'Dvij', 'Ansh', 'Arnav']
2026-04-28 21:48:58,867  [INFO]  Launching inference pipeline ģ
2026-04-28 21:49:01,662  [INFO]  Inference loop started. Press q=quit  r=reset.
2026-04-28 21:49:40,562  [INFO]  User quit.
2026-04-28 21:49:41,078  [INFO]  Session ended.
2026-04-28 21:49:41,095  [INFO]  Attendance records today: 9
2026-04-28 21:51:48,259  [INFO]  =======================================================
2026-04-28 21:51:48,259  [INFO]  Smart Attendance System  ¢  Starting up
2026-04-28 21:51:48,259  [INFO]  =======================================================
2026-04-28 21:51:49,149  [INFO]  Dependencies OK  (OpenCV, NumPy, Pandas)
2026-04-28 21:51:49,634  [INFO]  Loading dataset and building model ģ
2026-04-28 21:51:49,858  [INFO]  Model trained with 500 templates across 10 identities.
2026-04-28 21:51:49,858  [INFO]  Model ready  |  Identities: ['Onkar', 'Dvij', 'Arnav', 'gurkirat', 'Nilay', 'Hemang', 'Praney', 'Ojasvi', 'Parth', 'Ansh']
2026-04-28 21:51:49,859  [INFO]  Launching inference pipeline ģ
2026-04-28 21:51:52,883  [INFO]  Inference loop started. Press q=quit  r=reset.
2026-04-28 21:52:16,886  [INFO]  User quit.
2026-04-28 21:52:17,384  [INFO]  Session ended.
2026-04-28 21:52:17,398  [INFO]  Attendance records today: 9
2026-04-28 21:53:35,254  [INFO]  =======================================================
2026-04-28 21:53:35,254  [INFO]  Smart Attendance System  ¢  Starting up
2026-04-28 21:53:35,254  [INFO]  =======================================================
2026-04-28 21:53:36,040  [INFO]  Dependencies OK  (OpenCV, NumPy, Pandas)
2026-04-28 21:53:36,550  [INFO]  Loading dataset and building model ģ
2026-04-28 21:53:36,798  [INFO]  Model trained with 500 templates across 10 identities.
2026-04-28 21:53:36,798  [INFO]  Model ready  |  Identities: ['Ojasvi', 'Arnav', 'gurkirat', 'Hemang', 'Onkar', 'Dvij', 'Parth', 'Praney', 'Ansh', 'Nilay']
2026-04-28 21:53:36,800  [INFO]  Launching inference pipeline ģ
2026-04-28 21:53:40,085  [INFO]  Inference loop started. Press q=quit  r=reset.
2026-04-28 21:53:50,934  [INFO]  User quit.
2026-04-28 21:53:51,413  [INFO]  Session ended.
2026-04-28 21:53:51,422  [INFO]  Attendance records today: 9
2026-04-28 21:54:09,434  [INFO]  Saved 1
2026-04-28 21:54:09,767  [INFO]  Saved 2
2026-04-28 21:54:10,106  [INFO]  Saved 3
2026-04-28 21:54:10,457  [INFO]  Saved 4
2026-04-28 21:54:10,823  [INFO]  Saved 5
2026-04-28 21:54:11,195  [INFO]  Saved 6
2026-04-28 21:54:11,545  [INFO]  Saved 7
2026-04-28 21:54:11,889  [INFO]  Saved 8
2026-04-28 21:54:13,276  [INFO]  Saved 9
2026-04-28 21:54:13,616  [INFO]  Saved 10
2026-04-28 21:54:13,967  [INFO]  Saved 11
2026-04-28 21:54:14,301  [INFO]  Saved 12
2026-04-28 21:54:14,640  [INFO]  Saved 13
2026-04-28 21:54:14,974  [INFO]  Saved 14
2026-04-28 21:54:15,340  [INFO]  Saved 15
2026-04-28 21:54:15,695  [INFO]  Saved 16
2026-04-28 21:54:16,033  [INFO]  Saved 17
2026-04-28 21:54:16,393  [INFO]  Saved 18
2026-04-28 21:54:17,419  [INFO]  Saved 19
2026-04-28 21:54:19,882  [INFO]  Saved 20
2026-04-28 21:54:20,223  [INFO]  Saved 21
2026-04-28 21:54:20,584  [INFO]  Saved 22
2026-04-28 21:54:22,059  [INFO]  Saved 23
2026-04-28 21:54:23,780  [INFO]  Saved 24
2026-04-28 21:54:24,131  [INFO]  Saved 25
2026-04-28 21:54:24,491  [INFO]  Saved 26
2026-04-28 21:54:24,839  [INFO]  Saved 27
2026-04-28 21:54:26,297  [INFO]  Saved 28
2026-04-28 21:54:26,641  [INFO]  Saved 29
2026-04-28 21:54:26,984  [INFO]  Saved 30
2026-04-28 21:54:27,344  [INFO]  Saved 31
2026-04-28 21:54:27,687  [INFO]  Saved 32
2026-04-28 21:54:28,023  [INFO]  Saved 33
2026-04-28 21:54:28,372  [INFO]  Saved 34
2026-04-28 21:54:28,730  [INFO]  Saved 35
2026-04-28 21:54:29,096  [INFO]  Saved 36
2026-04-28 21:54:29,449  [INFO]  Saved 37
2026-04-28 21:54:29,787  [INFO]  Saved 38
2026-04-28 21:54:30,144  [INFO]  Saved 39
2026-04-28 21:54:30,499  [INFO]  Saved 40
2026-04-28 21:54:30,878  [INFO]  Saved 41
2026-04-28 21:54:31,239  [INFO]  Saved 42
2026-04-28 21:54:31,595  [INFO]  Saved 43
2026-04-28 21:54:31,935  [INFO]  Saved 44
2026-04-28 21:54:32,285  [INFO]  Saved 45
2026-04-28 21:54:32,628  [INFO]  Saved 46
2026-04-28 21:54:32,998  [INFO]  Saved 47
2026-04-28 21:54:33,345  [INFO]  Saved 48
2026-04-28 21:54:33,707  [INFO]  Saved 49
2026-04-28 21:54:34,068  [INFO]  Saved 50
2026-04-28 21:55:04,854  [INFO]  =======================================================
2026-04-28 21:55:04,855  [INFO]  Smart Attendance System  ¢  Starting up
2026-04-28 21:55:04,856  [INFO]  =======================================================
2026-04-28 21:55:05,814  [INFO]  Dependencies OK  (OpenCV, NumPy, Pandas)
2026-04-28 21:55:06,387  [INFO]  Loading dataset and building model ģ
2026-04-28 21:55:07,386  [INFO]  Model trained with 550 templates across 11 identities.
2026-04-28 21:55:07,386  [INFO]  Model ready  |  Identities: ['Itash', 'Arnav', 'Dvij', 'Hemang', 'Ansh', 'Parth', 'Praney', 'gurkirat', 'Ojasvi', 'Nilay', 'Onkar']
2026-04-28 21:55:07,388  [INFO]  Launching inference pipeline ģ
2026-04-28 21:55:10,127  [INFO]  Inference loop started. Press q=quit  r=reset.
2026-04-28 21:55:17,547  [INFO]  User quit.
2026-04-28 21:55:18,049  [INFO]  Session ended.
2026-04-28 21:55:18,063  [INFO]  Attendance records today: 10
2026-04-28 21:57:44,010  [INFO]  =======================================================
2026-04-28 21:57:44,011  [INFO]  Smart Attendance System  ¢  Starting up
2026-04-28 21:57:44,011  [INFO]  =======================================================
2026-04-28 21:57:45,386  [INFO]  Dependencies OK  (OpenCV, NumPy, Pandas)
2026-04-28 21:57:46,043  [INFO]  Loading dataset and building model ģ
2026-04-28 21:57:46,289  [INFO]  Model trained with 550 templates across 11 identities.
2026-04-28 21:57:46,290  [INFO]  Model ready  |  Identities: ['Praney', 'Ojasvi', 'Parth', 'Arnav', 'Ansh', 'Onkar', 'Hemang', 'Dvij', 'Nilay', 'Itash', 'gurkirat']
2026-04-28 21:57:46,291  [INFO]  Launching inference pipeline ģ
2026-04-28 21:57:49,385  [INFO]  Inference loop started. Press q=quit  r=reset.
2026-04-28 21:58:15,103  [INFO]  User quit.
2026-04-28 21:58:15,626  [INFO]  Session ended.
2026-04-28 21:58:15,636  [INFO]  Attendance records today: 10
2026-04-28 21:59:53,344  [INFO]  =======================================================
2026-04-28 21:59:53,344  [INFO]  Smart Attendance System  ¢  Starting up
2026-04-28 21:59:53,344  [INFO]  =======================================================
2026-04-28 21:59:54,125  [INFO]  Dependencies OK  (OpenCV, NumPy, Pandas)
2026-04-28 21:59:54,676  [INFO]  Loading dataset and building model ģ
2026-04-28 21:59:54,923  [INFO]  Model trained with 550 templates across 11 identities.
2026-04-28 21:59:54,923  [INFO]  Model ready  |  Identities: ['Praney', 'Dvij', 'gurkirat', 'Hemang', 'Nilay', 'Ojasvi', 'Onkar', 'Ansh', 'Arnav', 'Itash', 'Parth']
2026-04-28 21:59:54,924  [INFO]  Launching inference pipeline ģ
2026-04-28 21:59:57,904  [INFO]  Inference loop started. Press q=quit  r=reset.
2026-04-28 21:59:58,948  [INFO]  Attendance file reset.
2026-04-28 22:00:20,716  [INFO]  User quit.
2026-04-28 22:00:21,222  [INFO]  Session ended.
2026-04-28 22:00:21,232  [INFO]  Attendance records today: 4
2026-04-28 22:01:51,663  [INFO]  =======================================================
2026-04-28 22:01:51,663  [INFO]  Smart Attendance System  ¢  Starting up
2026-04-28 22:01:51,663  [INFO]  =======================================================
2026-04-28 22:01:52,545  [INFO]  Dependencies OK  (OpenCV, NumPy, Pandas)
2026-04-28 22:01:53,031  [INFO]  Loading dataset and building model ģ
2026-04-28 22:01:53,276  [INFO]  Model trained with 550 templates across 11 identities.
2026-04-28 22:01:53,276  [INFO]  Model ready  |  Identities: ['Praney', 'Onkar', 'Dvij', 'Ojasvi', 'gurkirat', 'Parth', 'Ansh', 'Itash', 'Arnav', 'Hemang', 'Nilay']
2026-04-28 22:01:53,278  [INFO]  Launching inference pipeline ģ
2026-04-28 22:01:56,326  [INFO]  Inference loop started. Press q=quit  r=reset.
2026-04-28 22:02:02,857  [INFO]  User quit.
2026-04-28 22:02:03,394  [INFO]  Session ended.
2026-04-28 22:02:03,400  [INFO]  Attendance records today: 4
2026-04-29 00:01:02,005  [INFO]  Saved 1
2026-04-29 00:01:02,382  [INFO]  Saved 2
2026-04-29 00:01:02,726  [INFO]  Saved 3
2026-04-29 00:01:03,473  [INFO]  Saved 4
2026-04-29 00:01:03,826  [INFO]  Saved 5
2026-04-29 00:01:04,194  [INFO]  Saved 6
2026-04-29 00:01:04,545  [INFO]  Saved 7
2026-04-29 00:01:04,922  [INFO]  Saved 8
2026-04-29 00:01:05,269  [INFO]  Saved 9
2026-04-29 00:01:05,634  [INFO]  Saved 10
2026-04-29 00:01:05,988  [INFO]  Saved 11
2026-04-29 00:01:06,357  [INFO]  Saved 12
2026-04-29 00:01:06,720  [INFO]  Saved 13
2026-04-29 00:01:07,076  [INFO]  Saved 14
2026-04-29 00:01:07,439  [INFO]  Saved 15
2026-04-29 00:01:07,792  [INFO]  Saved 16
2026-04-29 00:01:09,600  [INFO]  Saved 17
2026-04-29 00:01:09,971  [INFO]  Saved 18
2026-04-29 00:01:10,320  [INFO]  Saved 19
2026-04-29 00:01:10,687  [INFO]  Saved 20
2026-04-29 00:01:11,042  [INFO]  Saved 21
2026-04-29 00:01:11,410  [INFO]  Saved 22
2026-04-29 00:01:11,758  [INFO]  Saved 23
2026-04-29 00:01:12,131  [INFO]  Saved 24
2026-04-29 00:01:12,483  [INFO]  Saved 25
2026-04-29 00:01:13,218  [INFO]  Saved 26
2026-04-29 00:01:13,931  [INFO]  Saved 27
2026-04-29 00:01:15,350  [INFO]  Saved 28
2026-04-29 00:01:15,698  [INFO]  Saved 29
2026-04-29 00:01:16,062  [INFO]  Saved 30
2026-04-29 00:01:16,452  [INFO]  Saved 31
2026-04-29 00:01:16,794  [INFO]  Saved 32
2026-04-29 00:01:17,153  [INFO]  Saved 33
2026-04-29 00:01:17,509  [INFO]  Saved 34
2026-04-29 00:01:18,210  [INFO]  Saved 35
2026-04-29 00:01:18,543  [INFO]  Saved 36
2026-04-29 00:01:18,878  [INFO]  Saved 37
2026-04-29 00:01:19,263  [INFO]  Saved 38
2026-04-29 00:01:19,612  [INFO]  Saved 39
2026-04-29 00:01:19,971  [INFO]  Saved 40
2026-04-29 00:01:20,371  [INFO]  Saved 41
2026-04-29 00:01:20,777  [INFO]  Saved 42
2026-04-29 00:01:21,105  [INFO]  Saved 43
2026-04-29 00:01:21,502  [INFO]  Saved 44
2026-04-29 00:01:21,841  [INFO]  Saved 45
2026-04-29 00:01:22,189  [INFO]  Saved 46
2026-04-29 00:01:22,544  [INFO]  Saved 47
2026-04-29 00:01:22,892  [INFO]  Saved 48
2026-04-29 00:01:23,232  [INFO]  Saved 49
2026-04-29 00:01:23,583  [INFO]  Saved 50
2026-04-29 00:55:56,415  [INFO]  Saved 1
2026-04-29 00:55:56,775  [INFO]  Saved 2
2026-04-29 00:55:57,109  [INFO]  Saved 3
2026-04-29 00:55:57,527  [INFO]  Saved 4
2026-04-29 00:55:57,863  [INFO]  Saved 5
2026-04-29 00:55:58,204  [INFO]  Saved 6
2026-04-29 00:55:58,560  [INFO]  Saved 7
2026-04-29 00:55:58,920  [INFO]  Saved 8
2026-04-29 00:55:59,275  [INFO]  Saved 9
2026-04-29 00:55:59,610  [INFO]  Saved 10
2026-04-29 00:55:59,948  [INFO]  Saved 11
2026-04-29 00:56:00,676  [INFO]  Saved 12
2026-04-29 00:56:01,031  [INFO]  Saved 13
2026-04-29 00:56:01,393  [INFO]  Saved 14
2026-04-29 00:56:01,787  [INFO]  Saved 15
2026-04-29 00:56:02,138  [INFO]  Saved 16
2026-04-29 00:56:02,483  [INFO]  Saved 17
2026-04-29 00:56:02,840  [INFO]  Saved 18
2026-04-29 00:56:03,188  [INFO]  Saved 19
2026-04-29 00:56:03,524  [INFO]  Saved 20
2026-04-29 00:56:03,880  [INFO]  Saved 21
2026-04-29 00:56:04,232  [INFO]  Saved 22
2026-04-29 00:56:04,609  [INFO]  Saved 23
2026-04-29 00:56:04,949  [INFO]  Saved 24
2026-04-29 00:56:05,289  [INFO]  Saved 25
2026-04-29 00:56:05,640  [INFO]  Saved 26
2026-04-29 00:56:05,989  [INFO]  Saved 27
2026-04-29 00:56:06,333  [INFO]  Saved 28
2026-04-29 00:56:06,669  [INFO]  Saved 29
2026-04-29 00:56:07,021  [INFO]  Saved 30
2026-04-29 00:56:07,358  [INFO]  Saved 31
2026-04-29 00:56:07,716  [INFO]  Saved 32
2026-04-29 00:56:08,061  [INFO]  Saved 33
2026-04-29 00:56:08,420  [INFO]  Saved 34
2026-04-29 00:56:08,807  [INFO]  Saved 35
2026-04-29 00:56:09,163  [INFO]  Saved 36
2026-04-29 00:56:09,536  [INFO]  Saved 37
2026-04-29 00:56:09,890  [INFO]  Saved 38
2026-04-29 00:56:10,247  [INFO]  Saved 39
2026-04-29 00:56:10,584  [INFO]  Saved 40
2026-04-29 00:56:10,926  [INFO]  Saved 41
2026-04-29 00:56:11,282  [INFO]  Saved 42
2026-04-29 00:56:11,646  [INFO]  Saved 43
2026-04-29 00:56:11,993  [INFO]  Saved 44
2026-04-29 00:56:12,365  [INFO]  Saved 45
2026-04-29 00:56:12,709  [INFO]  Saved 46
2026-04-29 00:56:13,046  [INFO]  Saved 47
2026-04-29 00:56:13,382  [INFO]  Saved 48
2026-04-29 00:56:13,735  [INFO]  Saved 49
2026-04-29 00:56:14,069  [INFO]  Saved 50
2026-04-29 00:56:22,421  [INFO]  =======================================================
2026-04-29 00:56:22,422  [INFO]  Smart Attendance System  ¢  Starting up
2026-04-29 00:56:22,422  [INFO]  =======================================================
2026-04-29 00:56:23,783  [INFO]  Dependencies OK  (OpenCV, NumPy, Pandas)
2026-04-29 00:56:25,601  [INFO]  Loading dataset and building model ģ
2026-04-29 00:56:27,758  [INFO]  Model trained with 650 templates across 13 identities.
2026-04-29 00:56:27,759  [INFO]  Model ready  |  Identities: ['Karman', 'Ojasvi', 'Dvij', 'Itash', 'Ansh', 'Harshit', 'gurkirat', 'Praney', 'Parth', 'Arnav', 'Onkar', 'Nilay', 'Hemang']
2026-04-29 00:56:27,761  [INFO]  Launching inference pipeline ģ
2026-04-29 00:56:30,423  [INFO]  Inference loop started. Press q=quit  r=reset.
2026-04-29 00:56:41,215  [INFO]  User quit.
2026-04-29 00:56:41,673  [INFO]  Session ended.
2026-04-29 00:56:41,681  [INFO]  Attendance records today: 9
2026-04-29 00:56:45,655  [INFO]  =======================================================
2026-04-29 00:56:45,656  [INFO]  Smart Attendance System  ¢  Starting up
2026-04-29 00:56:45,656  [INFO]  =======================================================
2026-04-29 00:56:46,880  [INFO]  Dependencies OK  (OpenCV, NumPy, Pandas)
2026-04-29 00:56:47,563  [INFO]  Loading dataset and building model ģ
2026-04-29 00:56:47,848  [INFO]  Model trained with 650 templates across 13 identities.
2026-04-29 00:56:47,848  [INFO]  Model ready  |  Identities: ['Parth', 'Arnav', 'Itash', 'Karman', 'Nilay', 'Ojasvi', 'gurkirat', 'Onkar', 'Praney', 'Harshit', 'Hemang', 'Ansh', 'Dvij']
2026-04-29 00:56:47,850  [INFO]  Launching inference pipeline ģ
2026-04-29 00:56:50,936  [INFO]  Inference loop started. Press q=quit  r=reset.
2026-04-29 00:56:59,141  [INFO]  User quit.
2026-04-29 00:56:59,597  [INFO]  Session ended.
2026-04-29 00:56:59,610  [INFO]  Attendance records today: 10
2026-04-29 02:50:33,808  [INFO]  =======================================================
2026-04-29 02:50:33,809  [INFO]  Smart Attendance System  -  Starting up
2026-04-29 02:50:33,809  [INFO]  =======================================================
2026-04-29 02:50:34,930  [INFO]  Dependencies OK  (OpenCV, NumPy, Pandas)
2026-04-29 02:50:34,996  [INFO]  Loading SVM model...
2026-04-29 02:50:37,295  [INFO]  SVM model loaded successfully.
2026-04-29 02:50:37,295  [INFO]  Model loaded successfully.
2026-04-29 02:50:37,295  [INFO]  Launching inference pipeline...
2026-04-29 02:50:40,386  [INFO]  Inference loop started. Press q=quit  r=reset.
2026-04-29 02:50:48,041  [INFO]  User quit.
2026-04-29 02:50:48,493  [INFO]  Session ended.
2026-04-29 02:50:48,503  [INFO]  Attendance records today: 10
2026-04-29 03:03:16,985  [INFO]  =======================================================
2026-04-29 03:03:16,986  [INFO]  Smart Attendance System  -  Starting up
2026-04-29 03:03:16,986  [INFO]  =======================================================
2026-04-29 03:03:18,471  [INFO]  Dependencies OK  (OpenCV, NumPy, Pandas)
2026-04-29 03:03:18,474  [INFO]  Loading SVM model...
2026-04-29 03:03:20,101  [INFO]  SVM model loaded successfully.
2026-04-29 03:03:20,102  [INFO]  Model loaded successfully.
2026-04-29 03:03:20,102  [INFO]  Launching inference pipeline...
2026-04-29 03:03:23,851  [INFO]  Inference loop started. Press q=quit  r=reset.
2026-04-29 03:03:29,541  [INFO]  User quit.
2026-04-29 03:03:30,047  [INFO]  Session ended.
2026-04-29 03:03:30,065  [INFO]  Attendance records today: 10
